c:\users\lenovo\desktop\oe\oe\oblivion engine\x64\debug\oblivion engine.pch
c:\users\lenovo\desktop\oe\oe\oblivion engine\x64\debug\oblivion engine.pdb
c:\users\lenovo\desktop\oe\oe\oblivion engine\x64\debug\oblivion engine.idb
c:\users\lenovo\desktop\oe\oe\oblivion engine\x64\debug\pch.obj
c:\users\lenovo\desktop\oe\oe\oblivion engine\x64\debug\oblivion engine.obj
c:\users\lenovo\desktop\oe\oe\oblivion engine\x64\debug\oblivion engine.lib
c:\users\lenovo\desktop\oe\oe\oblivion engine\x64\debug\vc143.idb
c:\users\lenovo\desktop\oe\oe\oblivion engine\x64\debug\vc143.pdb
c:\users\lenovo\desktop\oe\oe\oblivion engine\x64\debug\oblivion engine.tlog\cl.command.1.tlog
c:\users\lenovo\desktop\oe\oe\oblivion engine\x64\debug\oblivion engine.tlog\cl.items.tlog
c:\users\lenovo\desktop\oe\oe\oblivion engine\x64\debug\oblivion engine.tlog\cl.read.1.tlog
c:\users\lenovo\desktop\oe\oe\oblivion engine\x64\debug\oblivion engine.tlog\cl.write.1.tlog
c:\users\lenovo\desktop\oe\oe\oblivion engine\x64\debug\oblivion engine.tlog\lib-link.read.1.tlog
c:\users\lenovo\desktop\oe\oe\oblivion engine\x64\debug\oblivion engine.tlog\lib-link.write.1.tlog
c:\users\lenovo\desktop\oe\oe\oblivion engine\x64\debug\oblivion engine.tlog\lib.command.1.tlog
c:\users\lenovo\desktop\oe\oe\oblivion engine\x64\debug\oblivion engine.tlog\link.command.1.tlog
c:\users\lenovo\desktop\oe\oe\oblivion engine\x64\debug\oblivion engine.tlog\link.read.1.tlog
c:\users\lenovo\desktop\oe\oe\oblivion engine\x64\debug\oblivion engine.tlog\link.read.2.tlog
c:\users\lenovo\desktop\oe\oe\oblivion engine\x64\debug\oblivion engine.tlog\link.read.3.tlog
c:\users\lenovo\desktop\oe\oe\oblivion engine\x64\debug\oblivion engine.tlog\link.read.4.tlog
c:\users\lenovo\desktop\oe\oe\oblivion engine\x64\debug\oblivion engine.tlog\link.write.1.tlog
